# JRE version: OpenJDK Runtime Environment Microsoft-8035246 (17.0.8+7) (build 17.0.8+7-LTS)
# Java VM: OpenJDK 64-Bit Server VM Microsoft-8035246 (17.0.8+7-LTS, mixed mode, sharing, tiered, compressed oops, compressed class ptrs, g1 gc, windows-amd64)
GC Precious Log:
 CPUs: 4 total, 4 available
 Memory: 24410M
 Large Page Support: Disabled
 NUMA Support: Disabled
 Compressed Oops: Enabled (32-bit)
 Heap Region Size: 1M
 Heap Min Capacity: 8M
 Heap Initial Capacity: 382M
 Heap Max Capacity: 2G
 Pre-touch: Disabled
 Parallel Workers: 4
 Concurrent Workers: 1
 Concurrent Refinement Workers: 4
 Periodic GC: Disabled
Heap:
 garbage-first heap   total 279552K, used 217280K [0x0000000080000000, 0x0000000100000000)
  region size 1024K, 51 young (52224K), 5 survivors (5120K)
 Metaspace       used 104337K, committed 105472K, reserved 557056K
  class space    used 14451K, committed 14976K, reserved 425984K
GC Heap History (20 events):
Event: 45.786 GC heap before
{Heap before GC invocations=45 (full 0):
 garbage-first heap   total 165888K, used 124091K [0x0000000080000000, 0x0000000100000000)
  region size 1024K, 35 young (35840K), 1 survivors (1024K)
 Metaspace       used 80033K, committed 80768K, reserved 557056K
  class space    used 11046K, committed 11392K, reserved 425984K
}
Event: 45.791 GC heap after
{Heap after GC invocations=46 (full 0):
 garbage-first heap   total 279552K, used 90739K [0x0000000080000000, 0x0000000100000000)
  region size 1024K, 2 young (2048K), 2 survivors (2048K)
 Metaspace       used 80033K, committed 80768K, reserved 557056K
  class space    used 11046K, committed 11392K, reserved 425984K
}
Event: 58.023 GC heap before
{Heap before GC invocations=47 (full 0):
 garbage-first heap   total 279552K, used 184947K [0x0000000080000000, 0x0000000100000000)
  region size 1024K, 98 young (100352K), 2 survivors (2048K)
 Metaspace       used 84139K, committed 84928K, reserved 557056K
  class space    used 11608K, committed 11968K, reserved 425984K
}
Event: 58.036 GC heap after
{Heap after GC invocations=48 (full 0):
 garbage-first heap   total 279552K, used 92895K [0x0000000080000000, 0x0000000100000000)
  region size 1024K, 8 young (8192K), 8 survivors (8192K)
 Metaspace       used 84139K, committed 84928K, reserved 557056K
  class space    used 11608K, committed 11968K, reserved 425984K
}
Event: 58.336 GC heap before
{Heap before GC invocations=48 (full 0):
 garbage-first heap   total 279552K, used 96991K [0x0000000080000000, 0x0000000100000000)
  region size 1024K, 13 young (13312K), 8 survivors (8192K)
 Metaspace       used 84404K, committed 85120K, reserved 557056K
  class space    used 11654K, committed 11968K, reserved 425984K
}
Event: 58.350 GC heap after
{Heap after GC invocations=49 (full 0):
 garbage-first heap   total 279552K, used 93472K [0x0000000080000000, 0x0000000100000000)
  region size 1024K, 1 young (1024K), 1 survivors (1024K)
 Metaspace       used 84404K, committed 85120K, reserved 557056K
  class space    used 11654K, committed 11968K, reserved 425984K
}
Event: 62.156 GC heap before
{Heap before GC invocations=49 (full 0):
 garbage-first heap   total 279552K, used 197920K [0x0000000080000000, 0x0000000100000000)
  region size 1024K, 102 young (104448K), 1 survivors (1024K)
 Metaspace       used 90815K, committed 91584K, reserved 557056K
  class space    used 12711K, committed 13056K, reserved 425984K
}
Event: 62.164 GC heap after
{Heap after GC invocations=50 (full 0):
 garbage-first heap   total 279552K, used 97666K [0x0000000080000000, 0x0000000100000000)
  region size 1024K, 6 young (6144K), 6 survivors (6144K)
 Metaspace       used 90815K, committed 91584K, reserved 557056K
  class space    used 12711K, committed 13056K, reserved 425984K
}
Event: 67.280 GC heap before
{Heap before GC invocations=50 (full 0):
 garbage-first heap   total 279552K, used 208258K [0x0000000080000000, 0x0000000100000000)
  region size 1024K, 111 young (113664K), 6 survivors (6144K)
 Metaspace       used 95056K, committed 95936K, reserved 557056K
  class space    used 13230K, committed 13632K, reserved 425984K
}
Event: 67.306 GC heap after
{Heap after GC invocations=51 (full 0):
 garbage-first heap   total 279552K, used 119261K [0x0000000080000000, 0x0000000100000000)
  region size 1024K, 14 young (14336K), 14 survivors (14336K)
 Metaspace       used 95056K, committed 95936K, reserved 557056K
  class space    used 13230K, committed 13632K, reserved 425984K
}
Event: 71.339 GC heap before
{Heap before GC invocations=51 (full 0):
 garbage-first heap   total 279552K, used 213469K [0x0000000080000000, 0x0000000100000000)
  region size 1024K, 101 young (103424K), 14 survivors (14336K)
 Metaspace       used 95839K, committed 96768K, reserved 557056K
  class space    used 13318K, committed 13760K, reserved 425984K
}
Event: 71.371 GC heap after
{Heap after GC invocations=52 (full 0):
 garbage-first heap   total 279552K, used 145408K [0x0000000080000000, 0x0000000100000000)
  region size 1024K, 13 young (13312K), 13 survivors (13312K)
 Metaspace       used 95839K, committed 96768K, reserved 557056K
  class space    used 13318K, committed 13760K, reserved 425984K
}
Event: 73.789 GC heap before
{Heap before GC invocations=52 (full 0):
 garbage-first heap   total 279552K, used 212992K [0x0000000080000000, 0x0000000100000000)
  region size 1024K, 79 young (80896K), 13 survivors (13312K)
 Metaspace       used 100084K, committed 100992K, reserved 557056K
  class space    used 13942K, committed 14336K, reserved 425984K
}
Event: 73.812 GC heap after
{Heap after GC invocations=53 (full 0):
 garbage-first heap   total 279552K, used 152470K [0x0000000080000000, 0x0000000100000000)
  region size 1024K, 6 young (6144K), 6 survivors (6144K)
 Metaspace       used 100084K, committed 100992K, reserved 557056K
  class space    used 13942K, committed 14336K, reserved 425984K
}
Event: 76.482 GC heap before
{Heap before GC invocations=53 (full 0):
 garbage-first heap   total 279552K, used 219030K [0x0000000080000000, 0x0000000100000000)
  region size 1024K, 71 young (72704K), 6 survivors (6144K)
 Metaspace       used 102647K, committed 103680K, reserved 557056K
  class space    used 14268K, committed 14720K, reserved 425984K
}
Event: 76.511 GC heap after
{Heap after GC invocations=54 (full 0):
 garbage-first heap   total 279552K, used 160663K [0x0000000080000000, 0x0000000100000000)
  region size 1024K, 8 young (8192K), 8 survivors (8192K)
 Metaspace       used 102647K, committed 103680K, reserved 557056K
  class space    used 14268K, committed 14720K, reserved 425984K
}
Event: 77.869 GC heap before
{Heap before GC invocations=54 (full 0):
 garbage-first heap   total 279552K, used 223127K [0x0000000080000000, 0x0000000100000000)
  region size 1024K, 69 young (70656K), 8 survivors (8192K)
 Metaspace       used 103288K, committed 104384K, reserved 557056K
  class space    used 14319K, committed 14848K, reserved 425984K
}
Event: 77.893 GC heap after
{Heap after GC invocations=55 (full 0):
 garbage-first heap   total 279552K, used 167561K [0x0000000080000000, 0x0000000100000000)
  region size 1024K, 7 young (7168K), 7 survivors (7168K)
 Metaspace       used 103288K, committed 104384K, reserved 557056K
  class space    used 14319K, committed 14848K, reserved 425984K
}
Event: 79.367 GC heap before
{Heap before GC invocations=55 (full 0):
 garbage-first heap   total 279552K, used 224905K [0x0000000080000000, 0x0000000100000000)
  region size 1024K, 64 young (65536K), 7 survivors (7168K)
 Metaspace       used 104306K, committed 105408K, reserved 557056K
  class space    used 14450K, committed 14976K, reserved 425984K
}
Event: 79.387 GC heap after
{Heap after GC invocations=56 (full 0):
 garbage-first heap   total 279552K, used 172224K [0x0000000080000000, 0x0000000100000000)
  region size 1024K, 5 young (5120K), 5 survivors (5120K)
 Metaspace       used 104306K, committed 105408K, reserved 557056K
  class space    used 14450K, committed 14976K, reserved 425984K
}

